WARN  2015-02-04 15:59:33 HTMLHandler(parseHTMLFile:113) - File content is not a valid HTML
WARN  2015-02-06 12:02:28 HTMLHandler(parseHTMLFile:115) - File content is not a valid HTML
WARN  2015-02-06 12:02:28 HTMLHandler(parseHTMLFile:121) - File content is a valid HTML
WARN  2015-02-06 12:03:42 HTMLHandler(parseHTMLFile:115) - File content is not a valid HTML
WARN  2015-02-06 12:03:58 HTMLHandler(parseHTMLFile:115) - File content is not a valid HTML
WARN  2015-02-06 12:04:46 HTMLHandler(parseHTMLFile:115) - File content is not a valid HTML
WARN  2015-02-06 12:04:48 HTMLHandler(parseHTMLFile:115) - File content is not a valid HTML
WARN  2015-02-06 12:06:27 HTMLHandler(parseHTMLFile:115) - File content is not a valid HTML
WARN  2015-02-06 12:14:09 HTMLHandler(parseHTMLFile:115) - File content is not a valid HTML
WARN  2015-02-06 12:14:57 HTMLHandler(parseHTMLFile:115) - File content is not a valid HTML
WARN  2015-02-06 12:15:24 HTMLHandler(parseHTMLFile:115) - File content is not a valid HTML  ^<html>\s*<head>\s*</head>\s*<body>\s*</body>\s*</html>
WARN  2015-02-06 12:16:26 HTMLHandler(parseHTMLFile:121) - File content is a valid HTML
WARN  2015-02-06 12:17:30 HTMLHandler(parseHTMLFile:121) - File content is a valid HTML
WARN  2015-02-06 12:17:59 HTMLHandler(parseHTMLFile:115) - File content is not a valid HTML  ^<html(\s*([:\w-])+=("[^"]*"|'[^']*'|[^'">]))*\s*>\s*<head>\s*</head>\s*<body>\s*</body>\s*</html>\s*
WARN  2015-02-06 12:18:08 HTMLHandler(parseHTMLFile:121) - File content is a valid HTML
WARN  2015-02-06 12:18:16 HTMLHandler(parseHTMLFile:121) - File content is a valid HTML
WARN  2015-02-06 12:18:59 HTMLHandler(parseHTMLFile:115) - File content is not a valid HTML  (?i)^\s*(<!DOCTYPE("[^"]*"|'[^']*'|[^'">])*>)?<html(\s*([:\w-])+=("[^"]*"|'[^']*'|[^'">]))*\s*>\s*<head>\s*</head>\s*<body>\s*</body>\s*</html>\s*
WARN  2015-02-06 12:19:09 HTMLHandler(parseHTMLFile:115) - File content is not a valid HTML  (?i)\s*(<!DOCTYPE("[^"]*"|'[^']*'|[^'">])*>)?<html(\s*([:\w-])+=("[^"]*"|'[^']*'|[^'">]))*\s*>\s*<head>\s*</head>\s*<body>\s*</body>\s*</html>\s*
WARN  2015-02-06 12:20:04 HTMLHandler(parseHTMLFile:115) - File content is not a valid HTML  (?i)\s*(<!DOCTYPE("[^"]*"|'[^']*'|[^'">])*>)?
WARN  2015-02-06 12:26:14 HTMLHandler(parseHTMLFile:115) - File content is not a valid HTML  (?i)\s*(<!DOCTYPE("[^"]*"|'[^']*'|[^'">]*)*>)?
WARN  2015-02-06 12:30:28 HTMLHandler(parseHTMLFile:115) - File content is not a valid HTML  (?i)\s*(\s*(<!DOCTYPE(\w*|"[^"]*"|\s*)*>)?)?
WARN  2015-02-06 12:31:02 HTMLHandler(parseHTMLFile:115) - File content is not a valid HTML  (?i)\s*(\s*(<!DOCTYPE(\w*|"[^"]*"|\s*)*>)?)?
WARN  2015-02-06 12:31:42 HTMLHandler(parseHTMLFile:115) - File content is not a valid HTML  (?i)\s*(<!DOCTYPE(\w*|"[^"]*"|\s*)*>)?
WARN  2015-02-06 12:37:12 HTMLHandler(parseHTMLFile:122) - File content is a valid HTML
WARN  2015-02-06 12:37:27 HTMLHandler(parseHTMLFile:122) - File content is a valid HTML
WARN  2015-02-06 12:53:06 HTMLHandler(parseHTMLFile:115) - File content is not a valid HTML  (?i)^\s*(<!DOCTYPE(\w*|"[^"]*"|\s*)*>)?\s*<html(\s*([\w][:-]?)+="[^"]*"|'[^']*')*\s*>\s*</html>
WARN  2015-02-06 12:53:55 HTMLHandler(parseHTMLFile:121) - File content is a valid HTML
WARN  2015-02-06 12:57:13 HTMLHandler(parseHTMLFile:115) - File content is not a valid HTML  (?i)^\s*(<!DOCTYPE(\w*|"[^"]*"|\s*)*>)?\s*<html(\s*([\w][:-]?)+="[^"]*"|'[^']*')*\s*>\s*</html>\s*<head(\s*([\w][:-]?)+="[^"]*"|'[^']*')*\s*>\s*</head>
WARN  2015-02-06 12:57:22 HTMLHandler(parseHTMLFile:115) - File content is not a valid HTML  (?i)^\s*(<!DOCTYPE(\w*|"[^"]*"|\s*)*>)?\s*<html(\s*([\w][:-]?)+="[^"]*"|'[^']*')*\s*>\s*</html>\s*<head(\s*([\w][:-]?)+="[^"]*"|'[^']*')*\s*>\s*</head>
WARN  2015-02-06 12:58:13 HTMLHandler(parseHTMLFile:121) - File content is a valid HTML
WARN  2015-02-06 14:12:43 HTMLHandler(parseHTMLFile:121) - File content is a valid HTML
WARN  2015-02-06 14:12:52 HTMLHandler(parseHTMLFile:121) - File content is a valid HTML
WARN  2015-02-06 14:14:11 HTMLHandler(parseHTMLFile:115) - File content is not a valid HTML  (?i)^\s*(<!DOCTYPE(\w*|"[^"]*"|\s*)*>)?\s*<html(\s*([\w][:-]?)+="[^"]*"|'[^']*')*\s*>\s*<head(\s*([\w][:-]?)+="[^"]*"|'[^']*')*\s*>(\s*(.*)\s*)*\s*</head>\s*</html>
WARN  2015-02-06 14:25:59 HTMLHandler(parseHTMLFile:114) - File content is not a valid HTML  (?i)^\s*(<!DOCTYPE(\w*|"[^"]*"|\s*)*>)?\s*<html(\s*([\w][:-]?)+="[^"]*"|'[^']*')*\s*>\s*<head(\s*([\w][:-]?)+="[^"]*"|'[^']*')*\s*>(\s*(((?!<head|<body|</head>|</body>).)*)\s*)*\s*</head>\s*</html>
WARN  2015-02-06 14:26:09 HTMLHandler(parseHTMLFile:114) - File content is not a valid HTML  (?i)^\s*(<!DOCTYPE(\w*|"[^"]*"|\s*)*>)?\s*<html(\s*([\w][:-]?)+="[^"]*"|'[^']*')*\s*>\s*<head(\s*([\w][:-]?)+="[^"]*"|'[^']*')*\s*>(\s*(((?!<head|<body|</head>|</body>).)*)\s*)*\s*</head>\s*</html>
WARN  2015-02-06 14:26:25 HTMLHandler(parseHTMLFile:114) - File content is not a valid HTML  (?i)^\s*(<!DOCTYPE(\w*|"[^"]*"|\s*)*>)?\s*<html(\s*([\w][:-]?)+="[^"]*"|'[^']*')*\s*>\s*<head(\s*([\w][:-]?)+="[^"]*"|'[^']*')*\s*>(\s*(((?!<head|<body|</head>|</body>).)*)\s*)*\s*</head>\s*</html>
WARN  2015-02-06 14:26:44 HTMLHandler(parseHTMLFile:120) - File content is a valid HTML
WARN  2015-02-06 14:26:57 HTMLHandler(parseHTMLFile:114) - File content is not a valid HTML  (?i)^\s*(<!DOCTYPE(\w*|"[^"]*"|\s*)*>)?\s*<html(\s*([\w][:-]?)+="[^"]*"|'[^']*')*\s*>\s*<head(\s*([\w][:-]?)+="[^"]*"|'[^']*')*\s*>(\s*(((?!<head|<body|</head>|</body>).)*)\s*)*\s*</head>\s*</html>
WARN  2015-02-06 14:27:05 HTMLHandler(parseHTMLFile:114) - File content is not a valid HTML  (?i)^\s*(<!DOCTYPE(\w*|"[^"]*"|\s*)*>)?\s*<html(\s*([\w][:-]?)+="[^"]*"|'[^']*')*\s*>\s*<head(\s*([\w][:-]?)+="[^"]*"|'[^']*')*\s*>(\s*(((?!<head|<body|</head>|</body>).)*)\s*)*\s*</head>\s*</html>
WARN  2015-02-06 14:27:16 HTMLHandler(parseHTMLFile:114) - File content is not a valid HTML  (?i)^\s*(<!DOCTYPE(\w*|"[^"]*"|\s*)*>)?\s*<html(\s*([\w][:-]?)+="[^"]*"|'[^']*')*\s*>\s*<head(\s*([\w][:-]?)+="[^"]*"|'[^']*')*\s*>(\s*(((?!<head|<body|</head>|</body>).)*)\s*)*\s*</head>\s*</html>
WARN  2015-02-06 14:28:01 HTMLHandler(parseHTMLFile:114) - File content is not a valid HTML  (?i)^\s*(<!DOCTYPE(\w*|"[^"]*"|\s*)*>)?\s*<html(\s*([\w][:-]?)+="[^"]*"|'[^']*')*\s*>\s*<head(\s*([\w][:-]?)+="[^"]*"|'[^']*')*\s*>(\s*(((?!<head|<body|</head>|</body>).)*)\s*)*\s*</head>\s*</html>
WARN  2015-02-06 14:28:37 HTMLHandler(parseHTMLFile:114) - File content is not a valid HTML  (?i)^\s*(<!DOCTYPE(\w*|"[^"]*"|\s*)*>)?\s*<html(\s*([\w][:-]?)+="[^"]*"|'[^']*')*\s*>\s*<head(\s*([\w][:-]?)+="[^"]*"|'[^']*')*\s*>(\s*(((?!<head|<body|</head>|</body>).)*)\s*)*</head>\s*<body(\s*([\w][:-]?)+="[^"]*"|'[^']*')*\s*>(\s*(((?!<head|<body|</head>|</body>).)*)\s*)*</body>\s*</html>\s*
WARN  2015-02-06 14:46:25 HTMLHandler(parseHTMLFile:126) - File content is a valid HTML
WARN  2015-02-06 14:59:25 HTMLHandler(parseHTMLFile:128) - File content is a valid HTML
WARN  2015-02-06 14:59:45 HTMLHandler(parseHTMLFile:128) - File content is a valid HTML
WARN  2015-02-06 15:01:32 HTMLHandler(parseHTMLFile:122) - File content is not a valid HTML  (?i)^\s*(<!DOCTYPE(\w*|"[^"]*"|\s*)*>)?\s*<html(\s*([\w][:-]?)+="[^"]*"|'[^']*')*\s*>\s*<head(\s*([\w][:-]?)+="[^"]*"|'[^']*')*\s*>(\s*(?!<body)*\s*)*</head>\s*<body>\s*</body>\s*</html>$
WARN  2015-02-06 15:01:40 HTMLHandler(parseHTMLFile:122) - File content is not a valid HTML  (?i)^\s*(<!DOCTYPE(\w*|"[^"]*"|\s*)*>)?\s*<html(\s*([\w][:-]?)+="[^"]*"|'[^']*')*\s*>\s*<head(\s*([\w][:-]?)+="[^"]*"|'[^']*')*\s*>(\s*(?!<body)*\s*)*</head>\s*</html>$
WARN  2015-02-06 15:01:54 HTMLHandler(parseHTMLFile:128) - File content is a valid HTML
WARN  2015-02-06 15:12:30 HTMLHandler(parseHTMLFile:128) - File content is a valid HTML
WARN  2015-02-06 15:27:57 HTMLHandler(parseHTMLFile:128) - File content is a valid HTML
WARN  2015-02-06 15:28:24 HTMLHandler(parseHTMLFile:128) - File content is a valid HTML
WARN  2015-02-06 15:28:38 HTMLHandler(parseHTMLFile:128) - File content is a valid HTML
WARN  2015-02-06 15:28:51 HTMLHandler(parseHTMLFile:128) - File content is a valid HTML
WARN  2015-02-06 15:30:55 HTMLHandler(parseHTMLFile:128) - File content is a valid HTML
WARN  2015-02-06 15:31:07 HTMLHandler(parseHTMLFile:128) - File content is a valid HTML
WARN  2015-02-06 15:31:17 HTMLHandler(parseHTMLFile:128) - File content is a valid HTML
WARN  2015-02-06 15:31:35 HTMLHandler(parseHTMLFile:128) - File content is a valid HTML
WARN  2015-02-06 15:32:11 HTMLHandler(parseHTMLFile:128) - File content is a valid HTML
WARN  2015-02-06 15:32:32 HTMLHandler(parseHTMLFile:128) - File content is a valid HTML
WARN  2015-02-06 15:37:23 HTMLHandler(parseHTMLFile:133) - File content is a valid HTML
WARN  2015-02-06 15:38:08 HTMLHandler(parseHTMLFile:133) - File content is a valid HTML
WARN  2015-02-06 15:38:36 HTMLHandler(parseHTMLFile:132) - File content is a valid HTML
WARN  2015-02-06 15:41:21 HTMLHandler(parseHTMLFile:132) - File content is a valid HTML
WARN  2015-02-06 15:45:12 HTMLHandler(parseHTMLFile:127) - File content is not a valid HTML  (?i)^\s*(<!DOCTYPE(\w*|"[^"]*"|\s*)*>)?\s*<html(\s*([\w][:-]?)+="[^"]*"|'[^']*')*\s*>\s*<head(\s*([\w][:-]?)+="[^"]*"|'[^']*')*\s*>
WARN  2015-02-06 15:45:30 HTMLHandler(parseHTMLFile:127) - File content is not a valid HTML  (?i)^\s*(<!DOCTYPE(\w*|"[^"]*"|\s*)*>)?\s*<html(\s*([\w][:-]?)+="[^"]*"|'[^']*')*\s*>\s*<head(\s*([\w][:-]?)+="[^"]*"|'[^']*')*\s*>
WARN  2015-02-06 15:45:43 HTMLHandler(parseHTMLFile:133) - File content is a valid HTML
WARN  2015-02-06 15:57:17 HTMLHandler(parseHTMLFile:132) - File content is not a valid HTML
WARN  2015-02-06 16:07:46 HTMLHandler(checkHTMLFileValidity:126) - File content is not a valid HTML
WARN  2015-02-06 16:10:15 HTMLHandler(checkHTMLFileValidity:128) - File content is not a valid HTML
WARN  2015-02-06 16:11:10 HTMLHandler(checkHTMLFileValidity:128) - File content is not a valid HTML
WARN  2015-02-06 16:11:30 HTMLHandler(checkHTMLFileValidity:132) - File content is a valid HTML
WARN  2015-02-06 16:11:56 HTMLHandler(checkHTMLFileValidity:132) - File content is a valid HTML
WARN  2015-02-06 16:11:59 HTMLHandler(checkHTMLFileValidity:132) - File content is a valid HTML
WARN  2015-02-06 16:12:04 HTMLHandler(checkHTMLFileValidity:132) - File content is a valid HTML
WARN  2015-02-06 16:12:05 HTMLHandler(checkHTMLFileValidity:132) - File content is a valid HTML
WARN  2015-02-06 16:12:06 HTMLHandler(checkHTMLFileValidity:132) - File content is a valid HTML
WARN  2015-02-06 16:12:07 HTMLHandler(checkHTMLFileValidity:132) - File content is a valid HTML
WARN  2015-02-06 16:12:08 HTMLHandler(checkHTMLFileValidity:132) - File content is a valid HTML
WARN  2015-02-06 16:12:48 HTMLHandler(checkHTMLFileValidity:128) - File content is not a valid HTML
WARN  2015-02-06 16:12:56 HTMLHandler(checkHTMLFileValidity:132) - File content is a valid HTML
WARN  2015-02-06 16:12:58 HTMLHandler(checkHTMLFileValidity:132) - File content is a valid HTML
WARN  2015-02-06 16:12:58 HTMLHandler(checkHTMLFileValidity:132) - File content is a valid HTML
WARN  2015-02-06 16:12:59 HTMLHandler(checkHTMLFileValidity:132) - File content is a valid HTML
WARN  2015-02-06 16:13:00 HTMLHandler(checkHTMLFileValidity:132) - File content is a valid HTML
WARN  2015-02-06 16:13:05 HTMLHandler(checkHTMLFileValidity:132) - File content is a valid HTML
WARN  2015-02-06 16:13:06 HTMLHandler(checkHTMLFileValidity:132) - File content is a valid HTML
WARN  2015-02-06 16:13:07 HTMLHandler(checkHTMLFileValidity:132) - File content is a valid HTML
WARN  2015-02-06 16:13:08 HTMLHandler(checkHTMLFileValidity:132) - File content is a valid HTML
WARN  2015-02-06 16:13:11 HTMLHandler(checkHTMLFileValidity:132) - File content is a valid HTML
WARN  2015-02-06 16:13:12 HTMLHandler(checkHTMLFileValidity:132) - File content is a valid HTML
WARN  2015-02-06 16:13:13 HTMLHandler(checkHTMLFileValidity:132) - File content is a valid HTML
WARN  2015-02-06 16:13:16 HTMLHandler(checkHTMLFileValidity:132) - File content is a valid HTML
WARN  2015-02-06 16:13:50 HTMLHandler(checkHTMLFileValidity:132) - File content is a valid HTML
WARN  2015-02-06 16:13:52 HTMLHandler(checkHTMLFileValidity:132) - File content is a valid HTML
WARN  2015-02-06 16:14:22 HTMLHandler(checkHTMLFileValidity:131) - File content is a valid HTML
WARN  2015-02-06 16:14:23 HTMLHandler(checkHTMLFileValidity:131) - File content is a valid HTML
WARN  2015-02-06 16:16:12 HTMLHandler(checkHTMLFileValidity:132) - File content is a valid HTML
WARN  2015-02-06 16:25:24 HTMLHandler(checkHTMLFileValidity:133) - 267
WARN  2015-02-06 16:25:24 HTMLHandler(checkHTMLFileValidity:137) - File content is a valid HTML
WARN  2015-02-06 16:26:13 HTMLHandler(checkHTMLFileValidity:134) - 267>
  <title>TroubleshootingPerformance - Overview</title>
  <meta http-equiv="Content-Type" content="text/html;charset=utf-8" />
  <meta name="description" content="TestNG unit test results." />
  <link href="reportng.css" rel="stylesheet" type="text/css" />
  </head>
WARN  2015-02-06 16:26:13 HTMLHandler(checkHTMLFileValidity:138) - File content is a valid HTML
WARN  2015-02-06 16:26:41 HTMLHandler(checkHTMLFileValidity:134) - 201
<!DOCTYPE html PUBLIC "-//W3C//DTD XHTML 1.0 Transitional//EN"
        "http://www.w3.org/TR/xhtml1/DTD/xhtml1-transitional.dtd">
<html xmlns="http://www.w3.org/1999/xhtml" xml:lang="" lang="">
<head>
  <title>TroubleshootingPerformance - Overview</title>
  <meta ht
WARN  2015-02-06 16:26:41 HTMLHandler(checkHTMLFileValidity:138) - File content is a valid HTML
WARN  2015-02-06 16:27:45 HTMLHandler(checkHTMLFileValidity:134) - 201
<!DOCTYPE html PUBLIC "-//W3C//DTD XHTML 1.0 Transitional//EN"
        "http://www.w3.org/TR/xhtml1/DTD/xhtml1-transitional.dtd">
<html xmlns="http://www.w3.org/1999/xhtml" xml:lang="" lang="">
<head>
WARN  2015-02-06 16:27:45 HTMLHandler(checkHTMLFileValidity:138) - File content is a valid HTML
WARN  2015-02-06 16:27:54 HTMLHandler(checkHTMLFileValidity:134) - 201
<!DOCTYPE html PUBLIC "-//W3C//DTD XHTML 1.0 Transitional//EN"
        "http://www.w3.org/TR/xhtml1/DTD/xhtml1-transitional.dtd">
<html xmlns="http://www.w3.org/1999/xhtml" xml:lang="" lang="">
<head
WARN  2015-02-06 16:27:54 HTMLHandler(checkHTMLFileValidity:138) - File content is a valid HTML
WARN  2015-02-06 16:28:46 HTMLHandler(checkHTMLFileValidity:134) - 201
<!DOCTYPE html PUBLIC "-//W3C//DTD XHTML 1.0 Transitional//EN"
        "http://www.w3.org/TR/xhtml1/DTD/xhtml1-transitional.dtd">
<html xmlns="http://www.w3.org/1999/xhtml" xml:lang="" lang="">
<head
WARN  2015-02-06 16:28:46 HTMLHandler(checkHTMLFileValidity:145) - File content is a valid HTML
WARN  2015-02-06 16:29:10 HTMLHandler(checkHTMLFileValidity:134) - 201
<!DOCTYPE html PUBLIC "-//W3C//DTD XHTML 1.0 Transitional//EN"
        "http://www.w3.org/TR/xhtml1/DTD/xhtml1-transitional.dtd">
<html xmlns="http://www.w3.org/1999/xhtml" xml:lang="" lang="">
<head
WARN  2015-02-06 16:30:50 HTMLHandler(checkHTMLFileValidity:134) - 201>
  <title>TroubleshootingPerformance - Overview</title>
  <meta http-equiv="Content-Type" content="text/html;charset=utf-8" />
  <meta name="description" content="TestNG unit test results." />
  <link href="reportng.css" rel="stylesheet" type="text/css" />
  </head>
<body>
<div id="meta">
  Generated by <a href="http://www.testng.org" target="_top">TestNG</a> with <a href="http://reportng.dev.java.net" target="_top">ReportNG</a>
  at 05:10 PDT on Tuesday 13 August 2013
  <br /><span id="systemInfo">Administrator@60-slave-01&nbsp;/&nbsp;Java 1.7.0_11 (Oracle Corporation)&nbsp;/&nbsp;Windows 2003 5.2 (x86)</span>
</div>

<h1>TroubleshootingPerformance</h1>

<table class="overviewTable">
    <tr>
    <th colspan="6" class="header suite">
      <div class="suiteLinks">
                                        <a href="suite1_groups.html">Groups</a>
              </div>
      vC Ops Suite 6.0 - Product Tests (Problem Alerts)
    </th>
  </tr>
  <tr class="columnHeadings">
    <td>&nbsp;</td>
    <th>Duration</th>
    <th>Passed</th>
    <th>Skipped</th>
    <th>Failed</th>
    <th>Pass Rate</th>
  </tr>
  
  <tr class="test">
    <td class="test">
      <a href="suite1_test1_results.html">Controller</a>
    </td>
    <td class="duration">
      0.016s
    </td>

        <td class="zero number">0</td>
    
        <td class="skipped number">7</td>
    
        <td class="zero number">0</td>
    
    <td class="passRate">
            0%
          </td>
  </tr>
  
  <tr class="test">
    <td class="test">
      <a href="suite1_test2_results.html">REST</a>
    </td>
    <td class="duration">
      0.000s
    </td>

        <td class="zero number">0</td>
    
        <td class="skipped number">22</td>
    
        <td class="failed number">12</td>
    
    <td class="passRate">
            0%
          </td>
  </tr>
  
  <tr class="suite">
    <td colspan="2" class="totalLabel">Total</td>

        <td class="zero number">0</td>
    
        <td class="skipped number">29</td>
    
        <td class="failed number">12</td>
    
    <td class="passRate suite">
            0%
          </td>

  </tr>
</table>
</body>
</html>

WARN  2015-02-06 16:30:50 HTMLHandler(checkHTMLFileValidity:140) - 268
<!DOCTYPE html PUBLIC "-//W3C//DTD XHTML 1.0 Transitional//EN"
        "http://www.w3.org/TR/xhtml1/DTD/xhtml1-transitional.dtd">
<html xmlns="http://www.w3.org/1999/xhtml" xml:lang="" lang="">
<head>
  <title>TroubleshootingPerformance - Overview</title>
  <meta ht
WARN  2015-02-06 16:30:50 HTMLHandler(checkHTMLFileValidity:145) - File content is a valid HTML
WARN  2015-02-06 16:31:11 HTMLHandler(checkHTMLFileValidity:134) - 201>
  <title>TroubleshootingPerformance - Overview</title>
  <meta http-equiv="Content-Type" content="text/html;charset=utf-8" />
  <meta name="description" content="TestNG unit test results." />
  <link href="reportng.css" rel="stylesheet" type="text/css" />
  </head>
<body>
<div id="meta">
  Generated by <a href="http://www.testng.org" target="_top">TestNG</a> with <a href="http://reportng.dev.java.net" target="_top">ReportNG</a>
  at 05:10 PDT on Tuesday 13 August 2013
  <br /><span id="systemInfo">Administrator@60-slave-01&nbsp;/&nbsp;Java 1.7.0_11 (Oracle Corporation)&nbsp;/&nbsp;Windows 2003 5.2 (x86)</span>
</div>

<h1>TroubleshootingPerformance</h1>

<table class="overviewTable">
    <tr>
    <th colspan="6" class="header suite">
      <div class="suiteLinks">
                                        <a href="suite1_groups.html">Groups</a>
              </div>
      vC Ops Suite 6.0 - Product Tests (Problem Alerts)
    </th>
  </tr>
  <tr class="columnHeadings">
    <td>&nbsp;</td>
    <th>Duration</th>
    <th>Passed</th>
    <th>Skipped</th>
    <th>Failed</th>
    <th>Pass Rate</th>
  </tr>
  
  <tr class="test">
    <td class="test">
      <a href="suite1_test1_results.html">Controller</a>
    </td>
    <td class="duration">
      0.016s
    </td>

        <td class="zero number">0</td>
    
        <td class="skipped number">7</td>
    
        <td class="zero number">0</td>
    
    <td class="passRate">
            0%
          </td>
  </tr>
  
  <tr class="test">
    <td class="test">
      <a href="suite1_test2_results.html">REST</a>
    </td>
    <td class="duration">
      0.000s
    </td>

        <td class="zero number">0</td>
    
        <td class="skipped number">22</td>
    
        <td class="failed number">12</td>
    
    <td class="passRate">
            0%
          </td>
  </tr>
  
  <tr class="suite">
    <td colspan="2" class="totalLabel">Total</td>

        <td class="zero number">0</td>
    
        <td class="skipped number">29</td>
    
        <td class="failed number">12</td>
    
    <td class="passRate suite">
            0%
          </td>

  </tr>
</table>
</body>
</html>

WARN  2015-02-06 16:54:26 HTMLHandler(checkHTMLFileValidity:135) - 201
WARN  2015-02-06 16:54:26 HTMLHandler(checkHTMLFileValidity:135) - 268
WARN  2015-02-06 16:54:26 HTMLHandler(checkHTMLFileValidity:135) - 7
WARN  2015-02-06 16:55:14 HTMLHandler(checkHTMLFileValidity:135) - 201
WARN  2015-02-06 16:55:41 HTMLHandler(checkHTMLFileValidity:135) - 268
WARN  2015-02-06 16:56:11 HTMLHandler(checkHTMLFileValidity:135) - 7
WARN  2015-02-06 17:17:46 HTMLHandler(checkHTMLFileValidity:147) - 201
WARN  2015-02-06 17:17:46 HTMLHandler(checkHTMLFileValidity:147) - 268
WARN  2015-02-06 17:17:46 HTMLHandler(checkHTMLFileValidity:147) - 7
WARN  2015-02-06 17:20:45 HTMLHandler(checkHTMLFileValidity:147) - 201
WARN  2015-02-06 17:20:45 HTMLHandler(checkHTMLFileValidity:147) - 268
WARN  2015-02-06 17:20:45 HTMLHandler(checkHTMLFileValidity:147) - 7
WARN  2015-02-06 17:23:52 HTMLHandler(checkHTMLFileValidity:147) - 201
WARN  2015-02-06 17:23:52 HTMLHandler(checkHTMLFileValidity:149) - File content is not a valid HTML
WARN  2015-02-06 17:27:45 HTMLHandler(checkHTMLFileValidity:147) - 201
WARN  2015-02-06 17:27:45 HTMLHandler(checkHTMLFileValidity:147) - 268
WARN  2015-02-06 17:27:45 HTMLHandler(checkHTMLFileValidity:147) - 7
WARN  2015-02-06 17:27:57 HTMLHandler(checkHTMLFileValidity:147) - 201
WARN  2015-02-06 17:27:57 HTMLHandler(checkHTMLFileValidity:147) - 268
WARN  2015-02-06 17:27:57 HTMLHandler(checkHTMLFileValidity:147) - 7
WARN  2015-02-06 17:28:02 HTMLHandler(checkHTMLFileValidity:147) - 201
WARN  2015-02-06 17:28:02 HTMLHandler(checkHTMLFileValidity:147) - 268
WARN  2015-02-06 17:28:02 HTMLHandler(checkHTMLFileValidity:147) - 7
WARN  2015-02-06 17:28:02 HTMLHandler(checkHTMLFileValidity:149) - File content is not a valid HTML
WARN  2015-02-06 17:29:01 HTMLHandler(checkHTMLFileValidity:147) - 201
WARN  2015-02-06 17:29:01 HTMLHandler(checkHTMLFileValidity:147) - 268
WARN  2015-02-06 17:29:01 HTMLHandler(checkHTMLFileValidity:149) - File content is not a valid HTML
WARN  2015-02-06 17:29:05 HTMLHandler(checkHTMLFileValidity:147) - 201
WARN  2015-02-06 17:29:05 HTMLHandler(checkHTMLFileValidity:147) - 268
WARN  2015-02-06 17:29:05 HTMLHandler(checkHTMLFileValidity:149) - File content is not a valid HTML
WARN  2015-02-06 17:29:26 HTMLHandler(checkHTMLFileValidity:147) - 201
WARN  2015-02-06 17:29:26 HTMLHandler(checkHTMLFileValidity:147) - 268
WARN  2015-02-06 17:29:26 HTMLHandler(checkHTMLFileValidity:147) - 7
WARN  2015-02-06 17:29:47 HTMLHandler(checkHTMLFileValidity:147) - 201
WARN  2015-02-06 17:29:47 HTMLHandler(checkHTMLFileValidity:147) - 268
WARN  2015-02-06 17:29:47 HTMLHandler(checkHTMLFileValidity:147) - 7
WARN  2015-02-06 17:29:55 HTMLHandler(checkHTMLFileValidity:147) - 201
WARN  2015-02-06 17:29:55 HTMLHandler(checkHTMLFileValidity:147) - 268
WARN  2015-02-06 17:29:55 HTMLHandler(checkHTMLFileValidity:147) - 7
WARN  2015-02-06 17:30:27 HTMLHandler(checkHTMLFileValidity:147) - 201
WARN  2015-02-06 17:30:27 HTMLHandler(checkHTMLFileValidity:147) - 268
WARN  2015-02-06 17:30:27 HTMLHandler(checkHTMLFileValidity:147) - 7
WARN  2015-02-06 17:30:47 HTMLHandler(checkHTMLFileValidity:147) - 201
WARN  2015-02-06 17:30:47 HTMLHandler(checkHTMLFileValidity:149) - File content is not a valid HTML
WARN  2015-02-06 17:31:09 HTMLHandler(checkHTMLFileValidity:147) - 201
WARN  2015-02-06 17:31:09 HTMLHandler(checkHTMLFileValidity:149) - File content is not a valid HTML
WARN  2015-02-06 17:31:16 HTMLHandler(checkHTMLFileValidity:147) - 201
WARN  2015-02-06 17:31:16 HTMLHandler(checkHTMLFileValidity:147) - 267
WARN  2015-02-06 17:31:16 HTMLHandler(checkHTMLFileValidity:147) - 6
WARN  2015-02-06 17:32:05 HTMLHandler(checkHTMLFileValidity:147) - 201
WARN  2015-02-06 17:32:05 HTMLHandler(checkHTMLFileValidity:147) - 267
WARN  2015-02-06 17:32:05 HTMLHandler(checkHTMLFileValidity:147) - 6
WARN  2015-02-06 17:32:05 HTMLHandler(checkHTMLFileValidity:147) - 1867
WARN  2015-02-06 17:32:05 HTMLHandler(checkHTMLFileValidity:154) - File content is a valid HTML
WARN  2015-02-06 17:32:21 HTMLHandler(checkHTMLFileValidity:147) - 201
WARN  2015-02-06 17:32:57 HTMLHandler(checkHTMLFileValidity:147) - 201
WARN  2015-02-06 17:32:57 HTMLHandler(checkHTMLFileValidity:149) - File content is not a valid HTML
WARN  2015-02-06 17:33:10 HTMLHandler(checkHTMLFileValidity:147) - 201
WARN  2015-02-06 17:33:10 HTMLHandler(checkHTMLFileValidity:149) - File content is not a valid HTML
WARN  2015-02-06 17:33:28 HTMLHandler(checkHTMLFileValidity:147) - 201
WARN  2015-02-06 17:33:28 HTMLHandler(checkHTMLFileValidity:149) - File content is not a valid HTML
WARN  2015-02-06 17:33:52 HTMLHandler(checkHTMLFileValidity:147) - 201
WARN  2015-02-06 17:34:28 HTMLHandler(checkHTMLFileValidity:147) - 201
WARN  2015-02-06 17:34:28 HTMLHandler(checkHTMLFileValidity:147) - 267
WARN  2015-02-06 17:34:28 HTMLHandler(checkHTMLFileValidity:147) - 6
WARN  2015-02-06 17:34:28 HTMLHandler(checkHTMLFileValidity:147) - 1867
WARN  2015-02-06 17:34:28 HTMLHandler(checkHTMLFileValidity:154) - File content is a valid HTML
WARN  2015-02-06 17:34:41 HTMLHandler(checkHTMLFileValidity:147) - 201
WARN  2015-02-06 17:34:41 HTMLHandler(checkHTMLFileValidity:147) - 267
WARN  2015-02-06 17:34:41 HTMLHandler(checkHTMLFileValidity:147) - 6
WARN  2015-02-06 17:34:41 HTMLHandler(checkHTMLFileValidity:149) - File content is not a valid HTML
WARN  2015-02-06 17:35:00 HTMLHandler(checkHTMLFileValidity:147) - 201
WARN  2015-02-06 17:35:00 HTMLHandler(checkHTMLFileValidity:147) - 267
WARN  2015-02-06 17:35:00 HTMLHandler(checkHTMLFileValidity:147) - 6
WARN  2015-02-06 17:35:00 HTMLHandler(checkHTMLFileValidity:149) - File content is not a valid HTML
WARN  2015-02-06 17:35:04 HTMLHandler(checkHTMLFileValidity:147) - 201
WARN  2015-02-06 17:35:04 HTMLHandler(checkHTMLFileValidity:147) - 267
WARN  2015-02-06 17:35:04 HTMLHandler(checkHTMLFileValidity:147) - 6
WARN  2015-02-06 17:35:04 HTMLHandler(checkHTMLFileValidity:147) - 1867
WARN  2015-02-06 17:35:04 HTMLHandler(checkHTMLFileValidity:154) - File content is a valid HTML
WARN  2015-02-06 17:35:58 HTMLHandler(checkHTMLFileValidity:147) - 201
WARN  2015-02-06 17:35:58 HTMLHandler(checkHTMLFileValidity:147) - 267
WARN  2015-02-06 17:35:58 HTMLHandler(checkHTMLFileValidity:147) - 6
WARN  2015-02-06 17:36:07 HTMLHandler(checkHTMLFileValidity:147) - 201
WARN  2015-02-06 17:36:07 HTMLHandler(checkHTMLFileValidity:147) - 267
WARN  2015-02-06 17:36:07 HTMLHandler(checkHTMLFileValidity:147) - 6
WARN  2015-02-06 17:36:07 HTMLHandler(checkHTMLFileValidity:147) - 1867
WARN  2015-02-06 17:36:07 HTMLHandler(checkHTMLFileValidity:154) - File content is a valid HTML
WARN  2015-02-06 17:39:50 HTMLHandler(checkHTMLFileValidity:147) - 201
WARN  2015-02-06 17:39:50 HTMLHandler(checkHTMLFileValidity:147) - 267
WARN  2015-02-06 17:39:50 HTMLHandler(checkHTMLFileValidity:147) - 6
WARN  2015-02-09 11:06:06 HTMLHandler(checkHTMLFileValidity:148) - 201
WARN  2015-02-09 11:06:06 HTMLHandler(checkHTMLFileValidity:148) - 267
WARN  2015-02-09 11:06:06 HTMLHandler(checkHTMLFileValidity:148) - 6
WARN  2015-02-09 11:06:06 HTMLHandler(checkHTMLFileValidity:150) - File content is not a valid HTML
WARN  2015-02-09 11:18:45 HTMLHandler(checkHTMLFileValidity:148) - 468
WARN  2015-02-09 11:18:45 HTMLHandler(checkHTMLFileValidity:148) - 6
WARN  2015-02-09 11:18:45 HTMLHandler(checkHTMLFileValidity:150) - File content is not a valid HTML
WARN  2015-02-09 11:19:09 HTMLHandler(checkHTMLFileValidity:148) - 474
WARN  2015-02-09 11:19:09 HTMLHandler(checkHTMLFileValidity:150) - File content is not a valid HTML
WARN  2015-02-09 11:19:15 HTMLHandler(checkHTMLFileValidity:148) - 468
WARN  2015-02-09 11:19:15 HTMLHandler(checkHTMLFileValidity:148) - 6
WARN  2015-02-09 11:19:15 HTMLHandler(checkHTMLFileValidity:150) - File content is not a valid HTML
WARN  2015-02-09 11:19:15 HTMLHandler(checkHTMLFileValidity:148) - 468
WARN  2015-02-09 11:19:15 HTMLHandler(checkHTMLFileValidity:148) - 6
WARN  2015-02-09 11:19:15 HTMLHandler(checkHTMLFileValidity:150) - File content is not a valid HTML
WARN  2015-02-09 11:19:21 HTMLHandler(checkHTMLFileValidity:148) - 474
WARN  2015-02-09 11:19:21 HTMLHandler(checkHTMLFileValidity:150) - File content is not a valid HTML
WARN  2015-02-09 11:19:27 HTMLHandler(checkHTMLFileValidity:148) - 474
WARN  2015-02-09 11:19:27 HTMLHandler(checkHTMLFileValidity:150) - File content is not a valid HTML
WARN  2015-02-09 11:19:34 HTMLHandler(checkHTMLFileValidity:148) - 474
INFO  2015-02-09 11:19:34 HTMLHandler(checkHTMLFileValidity:155) - File content is a valid HTML
WARN  2015-02-09 11:20:34 HTMLHandler(checkHTMLFileValidity:148) - 474
INFO  2015-02-09 11:20:39 HTMLHandler(checkHTMLFileValidity:155) - File content is a valid HTML
WARN  2015-02-09 11:51:36 HTMLHandler(checkHTMLFileValidity:145) - File content is not a valid HTML
INFO  2015-02-09 12:26:43 HTMLHandler(checkHTMLFileValidity:148) - File content is a valid HTML
INFO  2015-02-09 12:26:43 HTMLHandler(checkHTMLFileValidity:149) - <title>TroubleshootingPerformance - Overview</title>
  <meta http-equiv="Content-Type" content="text/html;charset=utf-8" />
  <meta name="description" content="TestNG unit test results." />
  <link href="reportng.css" rel="stylesheet" type="text/css" />
INFO  2015-02-09 12:26:43 HTMLHandler(checkHTMLFileValidity:150) - <div id="meta">
  Generated by <a href="http://www.testng.org" target="_top">TestNG</a> with <a href="http://reportng.dev.java.net" target="_top">ReportNG</a>
  at 05:10 PDT on Tuesday 13 August 2013
  <br /><span id="systemInfo">Administrator@60-slave-01&nbsp;/&nbsp;Java 1.7.0_11 (Oracle Corporation)&nbsp;/&nbsp;Windows 2003 5.2 (x86)</span>
</div>

<h1>TroubleshootingPerformance</h1>

<table class="overviewTable">
    <tr>
    <th colspan="6" class="header suite">
      <div class="suiteLinks">
                                        <a href="suite1_groups.html">Groups</a>
              </div>
      vC Ops Suite 6.0 - Product Tests (Problem Alerts)
    </th>
  </tr>
  <tr class="columnHeadings">
    <td>&nbsp;</td>
    <th>Duration</th>
    <th>Passed</th>
    <th>Skipped</th>
    <th>Failed</th>
    <th>Pass Rate</th>
  </tr>
  
  <tr class="test">
    <td class="test">
      <a href="suite1_test1_results.html">Controller</a>
    </td>
    <td class="duration">
      0.016s
    </td>

        <td class="zero number">0</td>
    
        <td class="skipped number">7</td>
    
        <td class="zero number">0</td>
    
    <td class="passRate">
            0%
          </td>
  </tr>
  
  <tr class="test">
    <td class="test">
      <a href="suite1_test2_results.html">REST</a>
    </td>
    <td class="duration">
      0.000s
    </td>

        <td class="zero number">0</td>
    
        <td class="skipped number">22</td>
    
        <td class="failed number">12</td>
    
    <td class="passRate">
            0%
          </td>
  </tr>
  
  <tr class="suite">
    <td colspan="2" class="totalLabel">Total</td>

        <td class="zero number">0</td>
    
        <td class="skipped number">29</td>
    
        <td class="failed number">12</td>
    
    <td class="passRate suite">
            0%
          </td>

  </tr>
</table>
INFO  2015-02-09 12:33:13 HTMLHandler(parseHTMLFile:152) - File content is a valid HTML
WARN  2015-02-09 12:35:55 HTMLHandler(parseHTMLFile:150) - File content is not a valid HTML
INFO  2015-02-09 12:36:07 HTMLHandler(parseHTMLFile:152) - File content is a valid HTML
WARN  2015-02-09 12:44:49 HTMLHandler(<init>:50) - <td [ 	]*class="test"[ 	]*>\s*<a [ 	]*href="(\w*)"[ 	]*>((?:(?:.|\s)*?)*)</a>\s*</td>
INFO  2015-02-09 12:44:49 HTMLHandler(parseHTMLFile:150) - File content is a valid HTML
WARN  2015-02-09 12:45:07 HTMLHandler(<init>:50) - <td [ \t]*class="test"[ \t]*>\s*<a [ 	]*href="(\w*)"[ 	]*>((?:(?:.|\s)*?)*)</a>\s*</td>
INFO  2015-02-09 12:45:07 HTMLHandler(parseHTMLFile:150) - File content is a valid HTML
WARN  2015-02-09 12:45:34 HTMLHandler(<init>:50) - <td [ \t]*class="test"[ \t]*>\s*<a [ \t]*href="(\w*)"[ \t]*>((?:(?:.|\s)*?)*)</a>\s*</td>
INFO  2015-02-09 12:45:34 HTMLHandler(parseHTMLFile:150) - File content is a valid HTML
INFO  2015-02-09 13:17:47 HTMLHandler(parseHTMLFile:167) - File content is a valid HTML
INFO  2015-02-09 13:18:10 HTMLHandler(parseHTMLFile:167) - File content is a valid HTML
INFO  2015-02-09 13:18:10 HTMLHandler(checkFileExternalLinkValidity:202) - suite1_test1_results.html
INFO  2015-02-09 13:18:10 HTMLHandler(checkFileExternalLinkValidity:202) - suite1_test2_results.html
INFO  2015-02-09 13:21:44 HTMLHandler(parseHTMLFile:167) - File content is a valid HTML
INFO  2015-02-09 13:21:44 HTMLHandler(checkFileExternalLinkValidity:193) - Will use built in regex for matching
INFO  2015-02-09 13:21:44 HTMLHandler(checkFileIntegrity:89) - suite1_test1_results.html (The system cannot find the file specified)
ERROR 2015-02-09 13:21:44 HTMLHandler(checkFileExternalLinkValidity:204) - File with name suite1_test1_results.html is corrupted or doesn't exist
INFO  2015-02-09 13:25:00 HTMLHandler(parseHTMLFile:167) - File content is a valid HTML
INFO  2015-02-09 13:25:00 HTMLHandler(checkFileExternalLinkValidity:190) - Will use built in regex for matching
INFO  2015-02-09 13:25:00 HTMLHandler(checkFileIntegrity:89) - suite1_test1_results.html (The system cannot find the file specified)
INFO  2015-02-09 13:25:00 HTMLHandler(checkFileIntegrity:89) - suite1_test2_results.html (The system cannot find the file specified)
INFO  2015-02-09 13:27:19 HTMLHandler(parseHTMLFile:167) - File content is a valid HTML
INFO  2015-02-09 13:27:19 HTMLHandler(checkFileExternalLinkValidity:190) - Will use built in regex for matching
INFO  2015-02-09 13:30:35 HTMLHandler(parseHTMLFile:165) - File content is a valid HTML
INFO  2015-02-09 13:30:35 HTMLHandler(checkFileExternalLinkValidity:188) - Will use built in regex for matching
INFO  2015-02-09 13:30:35 HTMLHandler(checkFileExternalLinkValidity:208) - File and all linked files passed validation
INFO  2015-02-09 13:30:56 HTMLHandler(parseHTMLFile:165) - File content is a valid HTML
INFO  2015-02-09 13:30:56 HTMLHandler(checkFileExternalLinkValidity:188) - Will use built in regex for matching
INFO  2015-02-09 13:30:56 HTMLHandler(checkFileIntegrity:89) - C:\Users\akaramyan\Desktop\Problem_Alerts\suite1_test2_results.html (The system cannot find the file specified)
INFO  2015-02-09 13:30:56 HTMLHandler(checkFileExternalLinkValidity:209) - File and/or linked files didn't pass validation
INFO  2015-02-09 13:31:48 HTMLHandler(parseHTMLFile:165) - File content is a valid HTML
INFO  2015-02-09 13:31:48 HTMLHandler(checkFileExternalLinkValidity:188) - Will use built in regex for matching
INFO  2015-02-09 13:31:48 HTMLHandler(checkFileExternalLinkValidity:209) - File and/or linked files didn't pass validation
WARN  2015-02-09 13:33:34 HTMLHandler(checkFileIntegrity:84) - 2349
INFO  2015-02-09 13:33:34 HTMLHandler(parseHTMLFile:165) - File content is a valid HTML
INFO  2015-02-09 13:33:34 HTMLHandler(checkFileExternalLinkValidity:188) - Will use built in regex for matching
WARN  2015-02-09 13:33:34 HTMLHandler(checkFileIntegrity:84) - 18117
WARN  2015-02-09 13:33:34 HTMLHandler(checkFileIntegrity:84) - 0
INFO  2015-02-09 13:33:34 HTMLHandler(checkFileExternalLinkValidity:209) - File and/or linked files didn't pass validation
WARN  2015-02-09 13:36:29 HTMLHandler(checkFileIntegrity:84) - 2349
INFO  2015-02-09 13:36:29 HTMLHandler(parseHTMLFile:165) - File content is a valid HTML
INFO  2015-02-09 13:36:29 HTMLHandler(checkFileExternalLinkValidity:188) - Will use built in regex for matching
WARN  2015-02-09 13:36:29 HTMLHandler(checkFileIntegrity:84) - 18117
WARN  2015-02-09 13:36:29 HTMLHandler(checkFileIntegrity:84) - 0
INFO  2015-02-09 13:36:29 HTMLHandler(checkFileExternalLinkValidity:209) - File and/or linked files didn't pass validation
INFO  2015-02-09 13:37:19 HTMLHandler(parseHTMLFile:166) - File content is a valid HTML
INFO  2015-02-09 13:37:19 HTMLHandler(checkFileExternalLinkValidity:189) - Will use built in regex for matching
ERROR 2015-02-09 13:37:19 HTMLHandler(checkFileIntegrity:86) - File at path C:\Users\akaramyan\Desktop\Problem_Alerts\suite1_test2_results.html is empty
INFO  2015-02-09 13:37:19 HTMLHandler(checkFileExternalLinkValidity:210) - File and/or linked files didn't pass validation
INFO  2015-02-09 13:38:08 HTMLHandler(parseHTMLFile:166) - File content is a valid HTML
INFO  2015-02-09 13:38:08 HTMLHandler(checkFileExternalLinkValidity:189) - Will use built in regex for matching
ERROR 2015-02-09 13:38:08 HTMLHandler(checkFileIntegrity:86) - File at path C:\Users\akaramyan\Desktop\Problem_Alerts\suite1_test2_results.html is empty
INFO  2015-02-09 13:38:08 HTMLHandler(checkFileExternalLinkValidity:210) - File and/or linked files didn't pass validation
INFO  2015-02-09 13:38:43 HTMLHandler(parseHTMLFile:166) - File content is a valid HTML
INFO  2015-02-09 13:38:43 HTMLHandler(checkFileExternalLinkValidity:189) - Will use built in regex for searching
ERROR 2015-02-09 13:38:43 HTMLHandler(checkFileIntegrity:86) - File at path C:\Users\akaramyan\Desktop\Problem_Alerts\suite1_test2_results.html is empty
INFO  2015-02-09 13:38:43 HTMLHandler(checkFileExternalLinkValidity:210) - File and/or linked files didn't pass validation
INFO  2015-02-09 13:38:52 HTMLHandler(parseHTMLFile:166) - File content is a valid HTML
INFO  2015-02-09 13:38:52 HTMLHandler(checkFileExternalLinkValidity:189) - Will use built in regex for searching
INFO  2015-02-09 13:38:52 HTMLHandler(checkFileExternalLinkValidity:209) - File and all linked files passed validation
INFO  2015-02-09 14:21:55 HTMLHandler(parseHTMLFile:166) - File content is a valid HTML
INFO  2015-02-09 14:21:55 HTMLHandler(containsKeyword:234) - File doesn't contain give keyword
INFO  2015-02-09 14:21:55 HTMLHandler(parseHTMLFile:166) - File content is a valid HTML
INFO  2015-02-09 14:21:55 HTMLHandler(checkExternaFilelLinkValidity:189) - Will use built in regex for searching
INFO  2015-02-09 14:21:55 HTMLHandler(checkExternaFilelLinkValidity:209) - File and all linked files passed validation
INFO  2015-02-09 14:22:38 HTMLHandler(parseHTMLFile:166) - File content is a valid HTML
INFO  2015-02-09 14:22:38 HTMLHandler(containsKeyword:234) - File doesn't contain give keyword
INFO  2015-02-09 14:22:38 HTMLHandler(parseHTMLFile:166) - File content is a valid HTML
INFO  2015-02-09 14:22:38 HTMLHandler(checkExternaFilelLinkValidity:189) - Will use built in regex for searching
INFO  2015-02-09 14:22:38 HTMLHandler(checkExternaFilelLinkValidity:209) - File and all linked files passed validation
INFO  2015-02-09 14:45:09 HTMLHandler(parseHTMLFile:166) - File content is a valid HTML
INFO  2015-02-09 14:45:09 HTMLHandler(containsKeyword:233) - File contains give keyword
INFO  2015-02-09 14:45:09 HTMLHandler(parseHTMLFile:166) - File content is a valid HTML
INFO  2015-02-09 14:45:09 HTMLHandler(checkExternaFilelLinkValidity:189) - Will use built in regex for searching
INFO  2015-02-09 14:45:09 HTMLHandler(checkExternaFilelLinkValidity:209) - File and all linked files passed validation
INFO  2015-02-09 14:46:04 HTMLHandler(parseHTMLFile:166) - File content is a valid HTML
INFO  2015-02-09 14:46:04 HTMLHandler(containsKeyword:233) - File contains give keyword
INFO  2015-02-09 14:46:04 HTMLHandler(parseHTMLFile:166) - File content is a valid HTML
INFO  2015-02-09 14:46:04 HTMLHandler(checkExternaFilelLinkValidity:189) - Will use built in regex for searching
INFO  2015-02-09 14:46:04 HTMLHandler(checkExternaFilelLinkValidity:209) - File and all linked files passed validation
INFO  2015-02-09 14:46:31 HTMLHandler(parseHTMLFile:166) - File content is a valid HTML
INFO  2015-02-09 14:46:31 HTMLHandler(containsKeyword:233) - File contains give keyword
INFO  2015-02-09 14:46:31 HTMLHandler(parseHTMLFile:166) - File content is a valid HTML
INFO  2015-02-09 14:46:31 HTMLHandler(checkExternaFilelLinkValidity:189) - Will use built in regex for searching
INFO  2015-02-09 14:46:31 HTMLHandler(checkExternaFilelLinkValidity:209) - File and all linked files passed validation
INFO  2015-02-09 14:46:43 HTMLHandler(parseHTMLFile:166) - File content is a valid HTML
INFO  2015-02-09 14:46:43 HTMLHandler(containsKeyword:234) - File doesn't contain give keyword
INFO  2015-02-09 14:46:43 HTMLHandler(parseHTMLFile:166) - File content is a valid HTML
INFO  2015-02-09 14:46:43 HTMLHandler(checkExternaFilelLinkValidity:189) - Will use built in regex for searching
INFO  2015-02-09 14:46:43 HTMLHandler(checkExternaFilelLinkValidity:209) - File and all linked files passed validation
INFO  2015-02-09 14:46:54 HTMLHandler(parseHTMLFile:166) - File content is a valid HTML
INFO  2015-02-09 14:46:54 HTMLHandler(containsKeyword:233) - File contains give keyword
INFO  2015-02-09 14:46:54 HTMLHandler(parseHTMLFile:166) - File content is a valid HTML
INFO  2015-02-09 14:46:54 HTMLHandler(checkExternaFilelLinkValidity:189) - Will use built in regex for searching
INFO  2015-02-09 14:46:54 HTMLHandler(checkExternaFilelLinkValidity:209) - File and all linked files passed validation
ERROR 2015-02-18 14:58:45 HTMLHandler(checkFileIntegrity:90) - C:UsersakaramyanDesktopoverview.html (The system cannot find the file specified)
ERROR 2015-02-18 14:58:45 HTMLHandler(parseHTMLFile:124) - File is empty, corrupted or protected
ERROR 2015-02-18 14:58:45 HTMLHandler(checkFileIntegrity:90) - C:UsersakaramyanDesktopoverview.html (The system cannot find the file specified)
ERROR 2015-02-18 14:58:45 HTMLHandler(parseHTMLFile:124) - File is empty, corrupted or protected
ERROR 2015-02-18 14:59:21 HTMLHandler(checkFileIntegrity:90) - C:\Users\akaramyan\Desktop\overview.html (The system cannot find the file specified)
ERROR 2015-02-18 14:59:21 HTMLHandler(parseHTMLFile:124) - File is empty, corrupted or protected
ERROR 2015-02-18 14:59:21 HTMLHandler(checkFileIntegrity:90) - C:\Users\akaramyan\Desktop\overview.html (The system cannot find the file specified)
ERROR 2015-02-18 14:59:21 HTMLHandler(parseHTMLFile:124) - File is empty, corrupted or protected
INFO  2015-02-18 14:59:45 HTMLHandler(parseHTMLFile:165) - File content is not a valid HTML
INFO  2015-02-18 14:59:45 HTMLHandler(parseHTMLFile:165) - File content is not a valid HTML
INFO  2015-02-18 15:00:14 HTMLHandler(parseHTMLFile:166) - File content is a valid HTML
INFO  2015-02-18 15:00:14 HTMLHandler(containsKeyword:233) - File contains give keyword
INFO  2015-02-18 15:00:14 HTMLHandler(parseHTMLFile:166) - File content is a valid HTML
INFO  2015-02-18 15:00:14 HTMLHandler(checkExternaFilelLinkValidity:189) - Will use built in regex for searching
ERROR 2015-02-18 15:00:14 HTMLHandler(checkFileIntegrity:90) - C:\Users\akaramyan\Desktop\suite1_test1_results.html (The system cannot find the file specified)
ERROR 2015-02-18 15:00:14 HTMLHandler(checkFileIntegrity:90) - C:\Users\akaramyan\Desktop\suite1_test2_results.html (The system cannot find the file specified)
INFO  2015-02-18 15:00:14 HTMLHandler(checkExternaFilelLinkValidity:210) - File and/or linked files didn't pass validation
INFO  2015-02-18 15:02:18 HTMLHandler(parseHTMLFile:166) - File content is a valid HTML
INFO  2015-02-18 15:02:18 HTMLHandler(containsKeyword:233) - File contains given keyword
INFO  2015-02-18 15:02:18 HTMLHandler(parseHTMLFile:166) - File content is a valid HTML
INFO  2015-02-18 15:02:18 HTMLHandler(checkExternaFilelLinkValidity:189) - Will use built in regex for searching
ERROR 2015-02-18 15:02:18 HTMLHandler(checkFileIntegrity:90) - C:\Users\akaramyan\Desktop\suite1_test1_results.html (The system cannot find the file specified)
ERROR 2015-02-18 15:02:18 HTMLHandler(checkFileIntegrity:90) - C:\Users\akaramyan\Desktop\suite1_test2_results.html (The system cannot find the file specified)
INFO  2015-02-18 15:02:18 HTMLHandler(checkExternaFilelLinkValidity:210) - File and/or linked files didn't pass validation
