INFO  2015-02-02 14:08:38 Main(main:12) - Input xml file path to validate:
INFO  2015-02-02 14:13:32 Main(main:12) - Input xml file path to validate:
INFO  2015-02-02 14:13:43 Main(validateXML:57) - C:\Users\akaramyan\Desktop\xml\library.xml validation passed
INFO  2015-02-02 14:13:43 Main(insertBook:145) - Insertion validation passed
INFO  2015-02-02 14:13:43 Main(insertBook:70) - Book was succesfully inserted
INFO  2015-02-02 14:37:15 Main(main:12) - Input xml file path to validate:
INFO  2015-02-02 14:37:24 Main(insertBook:145) - Insertion validation passed
WARN  2015-02-02 14:37:24 Main(insertBook:168) - Book with given ISBN "ISBN 0764547097" arelady exists
WARN  2015-02-02 14:37:24 Main(insertBook:171) - Book with ISBN "ISBN 0764547097" will be replaced
INFO  2015-02-02 14:37:24 Main(insertBook:70) - Book was succesfully inserted
INFO  2015-02-02 14:42:58 Main(insertBook:145) - Insertion validation passed
WARN  2015-02-02 14:42:58 Main(insertBook:168) - Book with given ISBN "ISBN 0764547097" arelady exists
WARN  2015-02-02 14:42:58 Main(insertBook:171) - Book with ISBN "ISBN 0764547097" will be replaced
INFO  2015-02-02 14:42:58 Main(insertBook:70) - Book was succesfully inserted
INFO  2015-02-02 14:45:41 Main(insertBook:145) - Insertion validation passed
INFO  2015-02-02 14:45:41 Main(insertBook:70) - Book was succesfully inserted
INFO  2015-02-02 14:45:41 Main(insertBook:145) - Insertion validation passed
ERROR 2015-02-02 14:45:41 Main(insertBook:209) - 
INFO  2015-02-02 14:45:41 Main(insertBook:70) - Book insertion failed
INFO  2015-02-02 14:46:47 Main(insertBook:145) - Insertion validation passed
INFO  2015-02-02 14:46:47 Main(insertBook:70) - Book was succesfully inserted
INFO  2015-02-02 14:46:47 Main(insertBook:145) - Insertion validation passed
ERROR 2015-02-02 14:46:47 Main(insertBook:209) - 
INFO  2015-02-02 14:46:47 Main(insertBook:70) - Book insertion failed
INFO  2015-02-02 14:46:53 Main(insertBook:145) - Insertion validation passed
INFO  2015-02-02 14:46:53 Main(insertBook:70) - Book was succesfully inserted
INFO  2015-02-02 14:48:23 Main(insertBook:145) - Insertion validation passed
INFO  2015-02-02 14:48:23 Main(insertBook:70) - Book was succesfully inserted
ERROR 2015-02-02 14:48:25 Main(validateStringWithXMLSchema:90) - cvc-pattern-valid: Value 'null' is not facet-valid with respect to pattern '[1-9](0|[2-9])th|2nd|3rd|[1-9]?1st' for type '#AnonType_editionBookType'.
INFO  2015-02-02 14:48:25 Main(insertBook:145) - Insertion validation failed
INFO  2015-02-02 14:48:25 Main(insertBook:70) - Book insertion failed
INFO  2015-02-02 14:49:20 Main(insertBook:145) - Insertion validation passed
INFO  2015-02-02 14:49:20 Main(insertBook:70) - Book was succesfully inserted
INFO  2015-02-02 14:50:22 Main(insertBook:145) - Insertion validation passed
INFO  2015-02-02 14:50:22 Main(insertBook:70) - Book was succesfully inserted
ERROR 2015-02-02 14:50:22 Main(validateStringWithXMLSchema:90) - cvc-pattern-valid: Value 'null' is not facet-valid with respect to pattern '[1-9](0|[2-9])th|2nd|3rd|[1-9]?1st' for type '#AnonType_editionBookType'.
INFO  2015-02-02 14:50:22 Main(insertBook:145) - Insertion validation failed
INFO  2015-02-02 14:50:22 Main(insertBook:70) - Book insertion failed
INFO  2015-02-02 14:50:26 Main(insertBook:145) - Insertion validation passed
INFO  2015-02-02 14:50:26 Main(insertBook:70) - Book was succesfully inserted
ERROR 2015-02-02 14:50:26 Main(validateStringWithXMLSchema:90) - cvc-pattern-valid: Value 'null' is not facet-valid with respect to pattern '[1-9](0|[2-9])th|2nd|3rd|[1-9]?1st' for type '#AnonType_editionBookType'.
INFO  2015-02-02 14:50:26 Main(insertBook:145) - Insertion validation failed
INFO  2015-02-02 14:50:26 Main(insertBook:70) - Book insertion failed
INFO  2015-02-02 14:50:36 Main(insertBook:145) - Insertion validation passed
INFO  2015-02-02 14:50:36 Main(insertBook:70) - Book was succesfully inserted
ERROR 2015-02-02 14:50:36 Main(validateStringWithXMLSchema:90) - cvc-pattern-valid: Value 'null' is not facet-valid with respect to pattern '[1-9](0|[2-9])th|2nd|3rd|[1-9]?1st' for type '#AnonType_editionBookType'.
INFO  2015-02-02 14:50:36 Main(insertBook:145) - Insertion validation failed
INFO  2015-02-02 14:50:36 Main(insertBook:70) - Book insertion failed
INFO  2015-02-02 14:51:02 Main(insertBook:145) - Insertion validation passed
INFO  2015-02-02 14:51:02 Main(insertBook:70) - Book was succesfully inserted
INFO  2015-02-02 14:53:39 Main(insertBook:145) - Insertion validation passed
INFO  2015-02-02 14:53:39 Main(insertBook:70) - Book was succesfully inserted
INFO  2015-02-02 14:53:39 Main(insertBook:145) - Insertion validation passed
ERROR 2015-02-02 14:53:39 Main(insertBook:209) - There can be only one insert per offset
INFO  2015-02-02 14:53:39 Main(insertBook:70) - Book insertion failed
INFO  2015-02-02 14:55:00 Main(insertBook:145) - Insertion validation passed
INFO  2015-02-02 14:57:09 Main(insertBook:145) - Insertion validation passed
INFO  2015-02-02 14:57:09 Main(insertBook:70) - Book was succesfully inserted
INFO  2015-02-02 14:57:09 Main(insertBook:145) - Insertion validation passed
ERROR 2015-02-02 14:57:09 Main(insertBook:211) - There can be only one insert per offset
INFO  2015-02-02 14:57:09 Main(insertBook:70) - Book insertion failed
INFO  2015-02-02 14:57:15 Main(insertBook:145) - Insertion validation passed
INFO  2015-02-02 14:58:41 Main(insertBook:145) - Insertion validation passed
INFO  2015-02-02 14:59:39 Main(insertBook:145) - Insertion validation passed
WARN  2015-02-02 14:59:46 Main(insertBook:169) - Book with given ISBN "ISBN 0764547097" arelady exists
WARN  2015-02-02 14:59:48 Main(insertBook:172) - Book with ISBN "ISBN 0764547097" will be replaced
INFO  2015-02-02 15:00:57 Main(insertBook:145) - Insertion validation passed
WARN  2015-02-02 15:01:00 Main(insertBook:169) - Book with given ISBN "ISBN 0764547097" arelady exists
WARN  2015-02-02 15:01:00 Main(insertBook:172) - Book with ISBN "ISBN 0764547097" will be replaced
INFO  2015-02-02 15:01:26 Main(insertBook:145) - Insertion validation passed
INFO  2015-02-02 15:05:01 Main(insertBook:145) - Insertion validation passed
INFO  2015-02-02 15:05:01 Main(insertBook:70) - Book was succesfully inserted
INFO  2015-02-02 15:05:01 Main(insertBook:145) - Insertion validation passed
INFO  2015-02-02 15:05:01 Main(insertBook:70) - Book was succesfully inserted
INFO  2015-02-02 15:13:44 Main(insertBook:166) - Insertion validation passed
WARN  2015-02-02 15:13:45 Main(insertBook:190) - Book with given ISBN "ISBN 0764547097" arelady exists
WARN  2015-02-02 15:13:45 Main(insertBook:193) - Book with ISBN "ISBN 0764547097" will be replaced
INFO  2015-02-02 15:13:45 Main(insertBook:70) - Book was succesfully inserted
INFO  2015-02-02 15:13:45 Main(insertBook:166) - Insertion validation passed
WARN  2015-02-02 15:13:45 Main(insertBook:190) - Book with given ISBN "ISBN-13: 978-0805324020" arelady exists
WARN  2015-02-02 15:13:45 Main(insertBook:193) - Book with ISBN "ISBN-13: 978-0805324020" will be replaced
INFO  2015-02-02 15:13:45 Main(insertBook:70) - Book was succesfully inserted
INFO  2015-02-02 15:14:17 Main(insertBook:166) - Insertion validation passed
WARN  2015-02-02 15:14:17 Main(insertBook:190) - Book with given ISBN "ISBN 0764547097" arelady exists
WARN  2015-02-02 15:14:17 Main(insertBook:193) - Book with ISBN "ISBN 0764547097" will be replaced
INFO  2015-02-02 15:14:17 Main(insertBook:70) - Book was succesfully inserted
INFO  2015-02-02 15:14:17 Main(insertBook:166) - Insertion validation passed
WARN  2015-02-02 15:14:17 Main(insertBook:190) - Book with given ISBN "ISBN-13: 978-0805324020" arelady exists
WARN  2015-02-02 15:14:17 Main(insertBook:193) - Book with ISBN "ISBN-13: 978-0805324020" will be replaced
INFO  2015-02-02 15:14:17 Main(insertBook:70) - Book was succesfully inserted
INFO  2015-02-02 15:14:30 Main(insertBook:166) - Insertion validation passed
WARN  2015-02-02 15:14:38 Main(insertBook:190) - Book with given ISBN "ISBN 0764547097" arelady exists
WARN  2015-02-02 15:14:38 Main(insertBook:193) - Book with ISBN "ISBN 0764547097" will be replaced
INFO  2015-02-02 15:16:45 Main(insertBook:166) - Insertion validation passed
WARN  2015-02-02 15:16:45 Main(insertBook:190) - Book with given ISBN "ISBN 0764547097" arelady exists
WARN  2015-02-02 15:16:45 Main(insertBook:193) - Book with ISBN "ISBN 0764547097" will be replaced
INFO  2015-02-02 15:16:45 Main(insertBook:70) - Book was succesfully inserted
INFO  2015-02-02 15:16:45 Main(insertBook:166) - Insertion validation passed
WARN  2015-02-02 15:16:45 Main(insertBook:190) - Book with given ISBN "ISBN-13: 978-0805324020" arelady exists
WARN  2015-02-02 15:16:45 Main(insertBook:193) - Book with ISBN "ISBN-13: 978-0805324020" will be replaced
INFO  2015-02-02 15:16:45 Main(insertBook:70) - Book was succesfully inserted
INFO  2015-02-02 15:16:46 Main(insertBook:166) - Insertion validation passed
INFO  2015-02-02 15:16:50 Main(insertBook:166) - Insertion validation passed
WARN  2015-02-02 15:16:58 Main(insertBook:190) - Book with given ISBN "ISBN 0764547097" arelady exists
WARN  2015-02-02 15:16:58 Main(insertBook:193) - Book with ISBN "ISBN 0764547097" will be replaced
INFO  2015-02-02 15:17:51 Main(insertBook:166) - Insertion validation passed
WARN  2015-02-02 15:17:52 Main(insertBook:190) - Book with given ISBN "ISBN 0764547097" arelady exists
WARN  2015-02-02 15:17:52 Main(insertBook:193) - Book with ISBN "ISBN 0764547097" will be replaced
INFO  2015-02-02 15:18:33 Main(insertBook:166) - Insertion validation passed
WARN  2015-02-02 15:18:34 Main(insertBook:190) - Book with given ISBN "ISBN 0764547097" arelady exists
WARN  2015-02-02 15:18:34 Main(insertBook:193) - Book with ISBN "ISBN 0764547097" will be replaced
INFO  2015-02-02 15:18:55 Main(insertBook:166) - Insertion validation passed
WARN  2015-02-02 15:18:57 Main(insertBook:190) - Book with given ISBN "ISBN 0764547097" arelady exists
WARN  2015-02-02 15:18:57 Main(insertBook:193) - Book with ISBN "ISBN 0764547097" will be replaced
INFO  2015-02-02 15:19:06 Main(insertBook:70) - Book was succesfully inserted
INFO  2015-02-02 15:19:06 Main(insertBook:166) - Insertion validation passed
WARN  2015-02-02 15:19:07 Main(insertBook:190) - Book with given ISBN "ISBN-13: 978-0805324020" arelady exists
WARN  2015-02-02 15:19:07 Main(insertBook:193) - Book with ISBN "ISBN-13: 978-0805324020" will be replaced
INFO  2015-02-02 15:19:27 Main(insertBook:70) - Book was succesfully inserted
INFO  2015-02-02 15:21:06 Main(insertBook:166) - Insertion validation passed
INFO  2015-02-02 15:21:06 Main(insertBook:70) - Book was succesfully inserted
INFO  2015-02-02 15:21:06 Main(insertBook:166) - Insertion validation passed
INFO  2015-02-02 15:21:06 Main(insertBook:70) - Book was succesfully inserted
INFO  2015-02-02 15:21:41 Main(insertBook:166) - Insertion validation passed
WARN  2015-02-02 15:21:41 Main(insertBook:190) - Book with given ISBN "ISBN 0764547097" arelady exists
WARN  2015-02-02 15:21:41 Main(insertBook:193) - Book with ISBN "ISBN 0764547097" will be replaced
INFO  2015-02-02 15:21:41 Main(insertBook:70) - Book was succesfully inserted
INFO  2015-02-02 15:21:41 Main(insertBook:166) - Insertion validation passed
WARN  2015-02-02 15:21:41 Main(insertBook:190) - Book with given ISBN "ISBN-13: 978-0805324020" arelady exists
WARN  2015-02-02 15:21:41 Main(insertBook:193) - Book with ISBN "ISBN-13: 978-0805324020" will be replaced
INFO  2015-02-02 15:21:41 Main(insertBook:70) - Book was succesfully inserted
INFO  2015-02-02 15:21:56 Main(insertBook:166) - Insertion validation passed
WARN  2015-02-02 15:21:56 Main(insertBook:190) - Book with given ISBN "ISBN 0764547097" arelady exists
WARN  2015-02-02 15:21:56 Main(insertBook:193) - Book with ISBN "ISBN 0764547097" will be replaced
INFO  2015-02-02 15:21:56 Main(insertBook:70) - Book was succesfully inserted
INFO  2015-02-02 15:21:56 Main(insertBook:166) - Insertion validation passed
WARN  2015-02-02 15:21:56 Main(insertBook:190) - Book with given ISBN "ISBN-13: 978-0805324020" arelady exists
WARN  2015-02-02 15:21:56 Main(insertBook:193) - Book with ISBN "ISBN-13: 978-0805324020" will be replaced
INFO  2015-02-02 15:21:56 Main(insertBook:70) - Book was succesfully inserted
INFO  2015-02-02 15:22:15 Main(insertBook:166) - Insertion validation passed
WARN  2015-02-02 15:22:18 Main(insertBook:190) - Book with given ISBN "ISBN 0764547097" arelady exists
WARN  2015-02-02 15:22:18 Main(insertBook:193) - Book with ISBN "ISBN 0764547097" will be replaced
INFO  2015-02-02 15:25:10 Main(insertBook:166) - Insertion validation passed
WARN  2015-02-02 15:25:10 Main(insertBook:190) - Book with given ISBN "ISBN 0764547097" arelady exists
WARN  2015-02-02 15:25:10 Main(insertBook:193) - Book with ISBN "ISBN 0764547097" will be replaced
INFO  2015-02-02 15:25:10 Main(insertBook:70) - Book was succesfully inserted
INFO  2015-02-02 15:25:10 Main(insertBook:166) - Insertion validation passed
WARN  2015-02-02 15:25:10 Main(insertBook:190) - Book with given ISBN "ISBN-13: 978-0805324020" arelady exists
WARN  2015-02-02 15:25:10 Main(insertBook:193) - Book with ISBN "ISBN-13: 978-0805324020" will be replaced
INFO  2015-02-02 15:25:10 Main(insertBook:70) - Book was succesfully inserted
INFO  2015-02-02 15:25:37 Main(insertBook:166) - Insertion validation passed
INFO  2015-02-02 15:25:37 Main(insertBook:70) - Book was succesfully inserted
INFO  2015-02-02 15:25:38 Main(insertBook:166) - Insertion validation passed
INFO  2015-02-02 15:25:38 Main(insertBook:70) - Book was succesfully inserted
INFO  2015-02-02 15:27:16 Main(insertBook:166) - Insertion validation passed
INFO  2015-02-02 15:27:16 Main(insertBook:70) - Book was succesfully inserted
INFO  2015-02-02 15:27:17 Main(insertBook:166) - Insertion validation passed
INFO  2015-02-02 15:27:17 Main(insertBook:70) - Book was succesfully inserted
INFO  2015-02-02 15:28:53 Main(insertBook:166) - Insertion validation passed
WARN  2015-02-02 15:29:05 Main(insertBook:190) - Book with given ISBN "ISBN 0764547097" arelady exists
WARN  2015-02-02 15:29:06 Main(insertBook:193) - Book with ISBN "ISBN 0764547097" will be replaced
INFO  2015-02-02 15:30:12 Main(insertBook:70) - Book was succesfully inserted
INFO  2015-02-02 15:30:55 Main(insertBook:166) - Insertion validation passed
INFO  2015-02-02 15:30:55 Main(insertBook:70) - Book was succesfully inserted
INFO  2015-02-02 15:30:55 Main(insertBook:166) - Insertion validation passed
INFO  2015-02-02 15:30:55 Main(insertBook:70) - Book was succesfully inserted
INFO  2015-02-02 15:32:08 Main(insertBook:166) - Insertion validation passed
WARN  2015-02-02 15:32:19 Main(insertBook:190) - Book with given ISBN "ISBN 0764547097" arelady exists
WARN  2015-02-02 15:32:20 Main(insertBook:193) - Book with ISBN "ISBN 0764547097" will be replaced
INFO  2015-02-02 15:33:29 Main(insertBook:70) - Book was succesfully inserted
INFO  2015-02-02 15:33:30 Main(insertBook:166) - Insertion validation passed
WARN  2015-02-02 15:33:40 Main(insertBook:190) - Book with given ISBN "ISBN-13: 978-0805324020" arelady exists
WARN  2015-02-02 15:33:41 Main(insertBook:193) - Book with ISBN "ISBN-13: 978-0805324020" will be replaced
INFO  2015-02-02 15:34:56 Main(insertBook:70) - Book was succesfully inserted
INFO  2015-02-02 15:36:01 Main(insertBook:166) - Insertion validation passed
WARN  2015-02-02 15:36:01 Main(insertBook:190) - Book with given ISBN "ISBN 0764547097" arelady exists
WARN  2015-02-02 15:36:01 Main(insertBook:193) - Book with ISBN "ISBN 0764547097" will be replaced
INFO  2015-02-02 15:36:01 Main(insertBook:70) - Book was succesfully inserted
INFO  2015-02-02 15:36:01 Main(insertBook:166) - Insertion validation passed
WARN  2015-02-02 15:36:01 Main(insertBook:190) - Book with given ISBN "ISBN-13: 978-0805324020" arelady exists
WARN  2015-02-02 15:36:01 Main(insertBook:193) - Book with ISBN "ISBN-13: 978-0805324020" will be replaced
INFO  2015-02-02 15:36:01 Main(insertBook:70) - Book was succesfully inserted
INFO  2015-02-02 15:36:43 Main(insertBook:166) - Insertion validation passed
WARN  2015-02-02 15:36:43 Main(insertBook:190) - Book with given ISBN "ISBN 0764547097" arelady exists
WARN  2015-02-02 15:36:43 Main(insertBook:193) - Book with ISBN "ISBN 0764547097" will be replaced
INFO  2015-02-02 15:36:43 Main(insertBook:70) - Book was succesfully inserted
INFO  2015-02-02 15:36:43 Main(insertBook:166) - Insertion validation passed
WARN  2015-02-02 15:36:43 Main(insertBook:190) - Book with given ISBN "ISBN-13: 978-0805324020" arelady exists
WARN  2015-02-02 15:36:43 Main(insertBook:193) - Book with ISBN "ISBN-13: 978-0805324020" will be replaced
INFO  2015-02-02 15:36:43 Main(insertBook:70) - Book was succesfully inserted
INFO  2015-02-02 15:37:16 Main(insertBook:166) - Insertion validation passed
WARN  2015-02-02 15:37:16 Main(insertBook:190) - Book with given ISBN "ISBN 0764547097" arelady exists
WARN  2015-02-02 15:37:16 Main(insertBook:193) - Book with ISBN "ISBN 0764547097" will be replaced
INFO  2015-02-02 15:37:16 Main(insertBook:70) - Book was succesfully inserted
INFO  2015-02-02 15:37:16 Main(insertBook:166) - Insertion validation passed
WARN  2015-02-02 15:37:16 Main(insertBook:190) - Book with given ISBN "ISBN-13: 978-0805324020" arelady exists
WARN  2015-02-02 15:37:16 Main(insertBook:193) - Book with ISBN "ISBN-13: 978-0805324020" will be replaced
INFO  2015-02-02 15:37:16 Main(insertBook:70) - Book was succesfully inserted
INFO  2015-02-02 15:38:12 Main(insertBook:166) - Insertion validation passed
WARN  2015-02-02 15:38:12 Main(insertBook:190) - Book with given ISBN "ISBN 0764547097" arelady exists
WARN  2015-02-02 15:38:12 Main(insertBook:193) - Book with ISBN "ISBN 0764547097" will be replaced
INFO  2015-02-02 15:38:12 Main(insertBook:70) - Book was succesfully inserted
INFO  2015-02-02 15:38:12 Main(insertBook:166) - Insertion validation passed
WARN  2015-02-02 15:38:12 Main(insertBook:190) - Book with given ISBN "ISBN-13: 978-0805324020" arelady exists
WARN  2015-02-02 15:38:12 Main(insertBook:193) - Book with ISBN "ISBN-13: 978-0805324020" will be replaced
INFO  2015-02-02 15:38:12 Main(insertBook:70) - Book was succesfully inserted
INFO  2015-02-02 15:52:16 Main(insertBook:174) - Insertion validation passed
WARN  2015-02-02 15:52:16 Main(insertBook:198) - Book with given ISBN "ISBN 0764547097" arelady exists
WARN  2015-02-02 15:52:16 Main(insertBook:201) - Book with ISBN "ISBN 0764547097" will be replaced
INFO  2015-02-02 15:52:16 Main(insertBook:70) - Book was succesfully inserted
INFO  2015-02-02 15:52:16 Main(insertBook:174) - Insertion validation passed
WARN  2015-02-02 15:52:16 Main(insertBook:198) - Book with given ISBN "ISBN-13: 978-0805324020" arelady exists
WARN  2015-02-02 15:52:16 Main(insertBook:201) - Book with ISBN "ISBN-13: 978-0805324020" will be replaced
INFO  2015-02-02 15:52:16 Main(insertBook:70) - Book was succesfully inserted
INFO  2015-02-02 15:52:16 Main(insertBook:174) - Insertion validation passed
WARN  2015-02-02 15:52:16 Main(insertBook:198) - Book with given ISBN "ISBN 0764547097" arelady exists
WARN  2015-02-02 15:52:16 Main(insertBook:201) - Book with ISBN "ISBN 0764547097" will be replaced
INFO  2015-02-02 15:52:16 Main(insertBook:70) - Book was succesfully inserted
INFO  2015-02-02 15:52:16 Main(insertBook:174) - Insertion validation passed
WARN  2015-02-02 15:52:16 Main(insertBook:198) - Book with given ISBN "ISBN-13: 978-0805324020" arelady exists
WARN  2015-02-02 15:52:16 Main(insertBook:201) - Book with ISBN "ISBN-13: 978-0805324020" will be replaced
INFO  2015-02-02 15:52:16 Main(insertBook:70) - Book was succesfully inserted
INFO  2015-02-02 15:52:31 Main(insertBook:174) - Insertion validation passed
INFO  2015-02-02 15:52:31 Main(insertBook:70) - Book was succesfully inserted
INFO  2015-02-02 15:52:31 Main(insertBook:174) - Insertion validation passed
INFO  2015-02-02 15:52:31 Main(insertBook:70) - Book was succesfully inserted
INFO  2015-02-02 15:52:57 Main(insertBook:174) - Insertion validation passed
WARN  2015-02-02 15:52:57 Main(insertBook:198) - Book with given ISBN "ISBN 0764547097" arelady exists
WARN  2015-02-02 15:52:57 Main(insertBook:201) - Book with ISBN "ISBN 0764547097" will be replaced
INFO  2015-02-02 15:52:57 Main(insertBook:70) - Book was succesfully inserted
INFO  2015-02-02 15:52:57 Main(insertBook:174) - Insertion validation passed
WARN  2015-02-02 15:52:57 Main(insertBook:198) - Book with given ISBN "ISBN-13: 978-0805324020" arelady exists
WARN  2015-02-02 15:52:57 Main(insertBook:201) - Book with ISBN "ISBN-13: 978-0805324020" will be replaced
INFO  2015-02-02 15:52:57 Main(insertBook:70) - Book was succesfully inserted
INFO  2015-02-02 15:53:24 Main(insertBook:174) - Insertion validation passed
WARN  2015-02-02 15:53:24 Main(insertBook:198) - Book with given ISBN "ISBN 0764547097" arelady exists
WARN  2015-02-02 15:53:24 Main(insertBook:201) - Book with ISBN "ISBN 0764547097" will be replaced
INFO  2015-02-02 15:53:24 Main(insertBook:70) - Book was succesfully inserted
INFO  2015-02-02 15:53:24 Main(insertBook:174) - Insertion validation passed
WARN  2015-02-02 15:53:24 Main(insertBook:198) - Book with given ISBN "ISBN-13: 978-0805324020" arelady exists
WARN  2015-02-02 15:53:24 Main(insertBook:201) - Book with ISBN "ISBN-13: 978-0805324020" will be replaced
ERROR 2015-02-02 15:53:24 Main(insertBook:233) - new author
INFO  2015-02-02 15:53:24 Main(insertBook:70) - Book was succesfully inserted
INFO  2015-02-02 15:59:22 Main(insertBook:173) - Insertion validation passed
INFO  2015-02-02 15:59:22 Main(insertBook:70) - Book was succesfully inserted
INFO  2015-02-02 15:59:22 Main(insertBook:173) - Insertion validation passed
ERROR 2015-02-02 15:59:22 Main(insertBook:243) - Ending tag error: Start/ending tag mismatch
Line Number: 27 Offset: 6
INFO  2015-02-02 15:59:22 Main(insertBook:70) - Book insertion failed
INFO  2015-02-02 15:59:59 Main(insertBook:173) - Insertion validation passed
ERROR 2015-02-02 15:59:59 Main(insertBook:243) - Ending tag error: Start/ending tag mismatch
Line Number: 27 Offset: 6
INFO  2015-02-02 15:59:59 Main(insertBook:70) - Book insertion failed
INFO  2015-02-02 15:59:59 Main(insertBook:173) - Insertion validation passed
ERROR 2015-02-02 15:59:59 Main(insertBook:243) - Ending tag error: Start/ending tag mismatch
Line Number: 27 Offset: 6
INFO  2015-02-02 15:59:59 Main(insertBook:70) - Book insertion failed
INFO  2015-02-02 16:01:07 Main(insertBook:173) - Insertion validation passed
INFO  2015-02-02 16:01:07 Main(insertBook:70) - Book was succesfully inserted
INFO  2015-02-02 16:01:07 Main(insertBook:173) - Insertion validation passed
ERROR 2015-02-02 16:01:07 Main(insertBook:243) - Other Error: Invalid char after <
Line Number: 9 Offset: 3
INFO  2015-02-02 16:01:07 Main(insertBook:70) - Book insertion failed
INFO  2015-02-02 16:01:39 Main(insertBook:173) - Insertion validation passed
INFO  2015-02-02 16:01:39 Main(insertBook:70) - Book was succesfully inserted
INFO  2015-02-02 16:01:39 Main(insertBook:173) - Insertion validation passed
ERROR 2015-02-02 16:01:39 Main(insertBook:243) - Other Error: Invalid char after <
Line Number: 9 Offset: 3
INFO  2015-02-02 16:01:39 Main(insertBook:70) - Book insertion failed
INFO  2015-02-02 16:02:07 Main(insertBook:173) - Insertion validation passed
ERROR 2015-02-02 16:02:08 Main(insertBook:243) - Other Error: Invalid char after <
Line Number: 9 Offset: 3
INFO  2015-02-02 16:02:08 Main(insertBook:70) - Book insertion failed
INFO  2015-02-02 16:02:08 Main(insertBook:173) - Insertion validation passed
ERROR 2015-02-02 16:02:08 Main(insertBook:243) - Other Error: Invalid char after <
Line Number: 9 Offset: 3
INFO  2015-02-02 16:02:08 Main(insertBook:70) - Book insertion failed
INFO  2015-02-02 16:02:23 Main(insertBook:173) - Insertion validation passed
INFO  2015-02-02 16:03:23 Main(insertBook:171) - Insertion validation passed
ERROR 2015-02-02 16:03:37 Main(insertBook:241) - String index out of range: 197
INFO  2015-02-02 16:03:37 Main(insertBook:70) - Book insertion failed
INFO  2015-02-02 16:03:37 Main(insertBook:171) - Insertion validation passed
INFO  2015-02-02 16:04:53 Main(insertBook:171) - Insertion validation passed
INFO  2015-02-02 16:08:13 Main(insertBook:171) - Insertion validation passed
INFO  2015-02-02 16:08:17 Main(insertBook:70) - Book was succesfully inserted
INFO  2015-02-02 16:08:17 Main(insertBook:171) - Insertion validation passed
INFO  2015-02-02 16:08:39 Main(insertBook:70) - Book was succesfully inserted
INFO  2015-02-02 16:08:47 Main(insertBook:171) - Insertion validation passed
WARN  2015-02-02 16:08:49 Main(insertBook:195) - Book with given ISBN "ISBN 0764547097" arelady exists
WARN  2015-02-02 16:08:49 Main(insertBook:198) - Book with ISBN "ISBN 0764547097" will be replaced
INFO  2015-02-02 16:09:44 Main(insertBook:171) - Insertion validation passed
INFO  2015-02-02 16:09:44 Main(insertBook:70) - Book was succesfully inserted
INFO  2015-02-02 16:09:44 Main(insertBook:171) - Insertion validation passed
INFO  2015-02-02 16:09:44 Main(insertBook:70) - Book was succesfully inserted
INFO  2015-02-02 16:10:11 Main(insertBook:171) - Insertion validation passed
WARN  2015-02-02 16:10:11 Main(insertBook:195) - Book with given ISBN "ISBN 0764547097" arelady exists
WARN  2015-02-02 16:10:11 Main(insertBook:198) - Book with ISBN "ISBN 0764547097" will be replaced
INFO  2015-02-02 16:10:11 Main(insertBook:70) - Book was succesfully inserted
INFO  2015-02-02 16:10:11 Main(insertBook:171) - Insertion validation passed
WARN  2015-02-02 16:10:11 Main(insertBook:195) - Book with given ISBN "ISBN-13: 978-0805324020" arelady exists
WARN  2015-02-02 16:10:11 Main(insertBook:198) - Book with ISBN "ISBN-13: 978-0805324020" will be replaced
INFO  2015-02-02 16:10:11 Main(insertBook:70) - Book was succesfully inserted
INFO  2015-02-02 16:12:05 Main(insertBook:171) - Insertion validation passed
WARN  2015-02-02 16:12:05 Main(insertBook:195) - Book with given ISBN "ISBN 0764547097" arelady exists
WARN  2015-02-02 16:12:05 Main(insertBook:198) - Book with ISBN "ISBN 0764547097" will be replaced
INFO  2015-02-02 16:12:05 Main(insertBook:70) - Book was succesfully inserted
INFO  2015-02-02 16:12:05 Main(insertBook:171) - Insertion validation passed
WARN  2015-02-02 16:12:05 Main(insertBook:195) - Book with given ISBN "ISBN-13: 978-0805324020" arelady exists
WARN  2015-02-02 16:12:05 Main(insertBook:198) - Book with ISBN "ISBN-13: 978-0805324020" will be replaced
INFO  2015-02-02 16:12:05 Main(insertBook:70) - Book was succesfully inserted
INFO  2015-02-02 16:13:19 Main(insertBook:171) - Insertion validation passed
INFO  2015-02-02 16:13:19 Main(insertBook:70) - Book was succesfully inserted
INFO  2015-02-02 16:13:19 Main(insertBook:171) - Insertion validation passed
ERROR 2015-02-02 16:13:19 Main(insertBook:242) - Ending tag error: Start/ending tag mismatch
Line Number: 24 Offset: 6
INFO  2015-02-02 16:13:19 Main(insertBook:70) - Book insertion failed
INFO  2015-02-02 16:14:15 Main(insertBook:171) - Insertion validation passed
INFO  2015-02-02 16:14:15 Main(insertBook:70) - Book was succesfully inserted
INFO  2015-02-02 16:14:15 Main(insertBook:171) - Insertion validation passed
ERROR 2015-02-02 16:14:15 Main(insertBook:242) - Ending tag error: Start/ending tag mismatch
Line Number: 24 Offset: 6
INFO  2015-02-02 16:14:15 Main(insertBook:70) - Book insertion failed
INFO  2015-02-02 16:14:46 Main(insertBook:171) - Insertion validation passed
INFO  2015-02-02 16:14:46 Main(insertBook:70) - Book was succesfully inserted
INFO  2015-02-02 16:14:46 Main(insertBook:171) - Insertion validation passed
INFO  2015-02-02 16:14:46 Main(insertBook:70) - Book was succesfully inserted
INFO  2015-02-02 16:15:18 Main(insertBook:171) - Insertion validation passed
INFO  2015-02-02 16:15:19 Main(insertBook:70) - Book was succesfully inserted
INFO  2015-02-02 16:15:19 Main(insertBook:171) - Insertion validation passed
INFO  2015-02-02 16:15:19 Main(insertBook:70) - Book was succesfully inserted
INFO  2015-02-02 16:16:40 Main(insertBook:171) - Insertion validation passed
WARN  2015-02-02 16:16:40 Main(insertBook:195) - Book with given ISBN "ISBN 0764547097" arelady exists
WARN  2015-02-02 16:16:40 Main(insertBook:198) - Book with ISBN "ISBN 0764547097" will be replaced
INFO  2015-02-02 16:16:40 Main(insertBook:70) - Book was succesfully inserted
INFO  2015-02-02 16:16:40 Main(insertBook:171) - Insertion validation passed
WARN  2015-02-02 16:16:40 Main(insertBook:195) - Book with given ISBN "ISBN-13: 978-0805324020" arelady exists
WARN  2015-02-02 16:16:40 Main(insertBook:198) - Book with ISBN "ISBN-13: 978-0805324020" will be replaced
INFO  2015-02-02 16:16:40 Main(insertBook:70) - Book was succesfully inserted
INFO  2015-02-02 16:17:25 Main(insertBook:171) - Insertion validation passed
WARN  2015-02-02 16:17:25 Main(insertBook:195) - Book with given ISBN "ISBN 0764547097" arelady exists
WARN  2015-02-02 16:17:25 Main(insertBook:198) - Book with ISBN "ISBN 0764547097" will be replaced
INFO  2015-02-02 16:17:25 Main(insertBook:70) - Book was succesfully inserted
INFO  2015-02-02 16:17:25 Main(insertBook:171) - Insertion validation passed
ERROR 2015-02-02 16:17:25 Main(insertBook:242) - Other Error: XML not terminated properly
Line Number: 29 Offset: 11
INFO  2015-02-02 16:17:25 Main(insertBook:70) - Book insertion failed
INFO  2015-02-02 16:19:13 Main(insertBook:164) - Insertion validation passed
INFO  2015-02-02 16:19:13 Main(insertBook:70) - Book was succesfully inserted
INFO  2015-02-02 16:19:13 Main(insertBook:164) - Insertion validation passed
INFO  2015-02-02 16:19:13 Main(insertBook:70) - Book was succesfully inserted
INFO  2015-02-02 16:19:49 Main(insertBook:164) - Insertion validation passed
WARN  2015-02-02 16:19:49 Main(insertBook:188) - Book with given ISBN "ISBN 0764547097" arelady exists
WARN  2015-02-02 16:19:49 Main(insertBook:191) - Book with ISBN "ISBN 0764547097" will be replaced
INFO  2015-02-02 16:19:49 Main(insertBook:70) - Book was succesfully inserted
INFO  2015-02-02 16:19:49 Main(insertBook:164) - Insertion validation passed
WARN  2015-02-02 16:19:49 Main(insertBook:188) - Book with given ISBN "ISBN-13: 978-0805324020" arelady exists
WARN  2015-02-02 16:19:49 Main(insertBook:191) - Book with ISBN "ISBN-13: 978-0805324020" will be replaced
INFO  2015-02-02 16:19:49 Main(insertBook:70) - Book was succesfully inserted
INFO  2015-02-02 16:21:09 Main(insertBook:164) - Insertion validation passed
INFO  2015-02-02 16:21:09 Main(insertBook:70) - Book was succesfully inserted
INFO  2015-02-02 16:21:09 Main(insertBook:164) - Insertion validation passed
INFO  2015-02-02 16:21:09 Main(insertBook:70) - Book was succesfully inserted
INFO  2015-02-02 16:22:51 Main(insertBook:166) - Insertion validation passed
INFO  2015-02-02 16:22:51 Main(insertBook:70) - Book was succesfully inserted
INFO  2015-02-02 16:22:51 Main(insertBook:166) - Insertion validation passed
INFO  2015-02-02 16:22:51 Main(insertBook:70) - Book was succesfully inserted
INFO  2015-02-02 16:23:19 Main(insertBook:166) - Insertion validation passed
WARN  2015-02-02 16:23:19 Main(insertBook:190) - Book with given ISBN "ISBN 0764547097" arelady exists
WARN  2015-02-02 16:23:19 Main(insertBook:193) - Book with ISBN "ISBN 0764547097" will be replaced
INFO  2015-02-02 16:23:19 Main(insertBook:70) - Book was succesfully inserted
INFO  2015-02-02 16:23:19 Main(insertBook:166) - Insertion validation passed
WARN  2015-02-02 16:23:19 Main(insertBook:190) - Book with given ISBN "ISBN-13: 978-0805324020" arelady exists
WARN  2015-02-02 16:23:19 Main(insertBook:193) - Book with ISBN "ISBN-13: 978-0805324020" will be replaced
INFO  2015-02-02 16:23:19 Main(insertBook:70) - Book was succesfully inserted
INFO  2015-02-02 16:23:40 Main(insertBook:166) - Insertion validation passed
WARN  2015-02-02 16:23:46 Main(insertBook:190) - Book with given ISBN "ISBN 0764547097" arelady exists
WARN  2015-02-02 16:23:46 Main(insertBook:193) - Book with ISBN "ISBN 0764547097" will be replaced
INFO  2015-02-02 16:26:44 Main(insertBook:166) - Insertion validation passed
INFO  2015-02-02 16:26:44 Main(insertBook:70) - Book was succesfully inserted
INFO  2015-02-02 16:26:44 Main(insertBook:166) - Insertion validation passed
ERROR 2015-02-02 16:26:44 Main(insertBook:235) - Ending tag error: Invalid char in ending tag 
Line Number: 10 Offset: 5
INFO  2015-02-02 16:26:44 Main(insertBook:70) - Book insertion failed
INFO  2015-02-02 16:27:11 Main(insertBook:166) - Insertion validation passed
ERROR 2015-02-02 16:27:11 Main(insertBook:235) - Ending tag error: Invalid char in ending tag 
Line Number: 10 Offset: 5
INFO  2015-02-02 16:27:11 Main(insertBook:70) - Book insertion failed
INFO  2015-02-02 16:27:11 Main(insertBook:166) - Insertion validation passed
ERROR 2015-02-02 16:27:11 Main(insertBook:235) - Ending tag error: Invalid char in ending tag 
Line Number: 10 Offset: 5
INFO  2015-02-02 16:27:11 Main(insertBook:70) - Book insertion failed
INFO  2015-02-02 16:27:19 Main(insertBook:166) - Insertion validation passed
INFO  2015-02-02 16:27:19 Main(insertBook:70) - Book was succesfully inserted
INFO  2015-02-02 16:27:19 Main(insertBook:166) - Insertion validation passed
INFO  2015-02-02 16:27:19 Main(insertBook:70) - Book was succesfully inserted
INFO  2015-02-02 16:27:59 Main(insertBook:162) - Insertion validation passed
WARN  2015-02-02 16:27:59 Main(insertBook:186) - Book with given ISBN "ISBN 0764547097" arelady exists
WARN  2015-02-02 16:27:59 Main(insertBook:189) - Book with ISBN "ISBN 0764547097" will be replaced
INFO  2015-02-02 16:27:59 Main(insertBook:70) - Book was succesfully inserted
INFO  2015-02-02 16:27:59 Main(insertBook:162) - Insertion validation passed
WARN  2015-02-02 16:27:59 Main(insertBook:186) - Book with given ISBN "ISBN-13: 978-0805324020" arelady exists
WARN  2015-02-02 16:27:59 Main(insertBook:189) - Book with ISBN "ISBN-13: 978-0805324020" will be replaced
INFO  2015-02-02 16:27:59 Main(insertBook:70) - Book was succesfully inserted
INFO  2015-02-02 16:29:22 Main(insertBook:162) - Insertion validation passed
WARN  2015-02-02 16:29:22 Main(insertBook:186) - Book with given ISBN "ISBN 0764547097" arelady exists
INFO  2015-02-02 16:29:22 Main(insertBook:70) - Book insertion failed
INFO  2015-02-02 16:29:22 Main(insertBook:162) - Insertion validation passed
WARN  2015-02-02 16:29:22 Main(insertBook:186) - Book with given ISBN "ISBN-13: 978-0805324020" arelady exists
INFO  2015-02-02 16:29:22 Main(insertBook:70) - Book insertion failed
INFO  2015-02-02 16:29:45 Main(insertBook:162) - Insertion validation passed
INFO  2015-02-02 16:29:46 Main(insertBook:70) - Book was succesfully inserted
INFO  2015-02-02 16:29:46 Main(insertBook:162) - Insertion validation passed
INFO  2015-02-02 16:29:46 Main(insertBook:70) - Book was succesfully inserted
INFO  2015-02-04 14:13:10 Main(insertBook:162) - Insertion validation passed
WARN  2015-02-04 14:13:10 Main(insertBook:186) - Book with given ISBN "ISBN 0764547097" arelady exists
INFO  2015-02-04 14:13:10 Main(insertBook:70) - Book insertion failed
INFO  2015-02-04 14:13:10 Main(insertBook:162) - Insertion validation passed
WARN  2015-02-04 14:13:10 Main(insertBook:186) - Book with given ISBN "ISBN-13: 978-0805324020" arelady exists
INFO  2015-02-04 14:13:10 Main(insertBook:70) - Book insertion failed
